"E:/ue4/biglulu/Content/Model/formal/CuteBear.uasset" 0
"E:/ue4/biglulu/Content/Model/formal/palette_008.uasset" 1
"E:/ue4/biglulu/Content/Model/formal/Bear.uasset" 2
"E:/ue4/biglulu/Content/BluePrint/character/BP_Bear.uasset" 3
"E:/ue4/biglulu/Content/Model/formal/lulu1.uasset" 4
"E:/ue4/biglulu/Content/Model/formal/palette_006.uasset" 5
"E:/ue4/biglulu/Content/Model/formal/lulu.uasset" 6
"E:/ue4/biglulu/Content/BluePrint/character/BP_biglulu.uasset" 7
"E:/ue4/biglulu/Content/Model/formal/frog1.uasset" 8
"E:/ue4/biglulu/Content/Model/formal/palette_010.uasset" 9
"E:/ue4/biglulu/Content/Model/formal/frog.uasset" 10
"E:/ue4/biglulu/Content/BluePrint/character/BP_Frog.uasset" 11
"E:/ue4/biglulu/Content/Sound/eat.uasset" 12
"E:/ue4/biglulu/Content/Sound/eat_cue.uasset" 13
"E:/ue4/biglulu/Content/Sound/hello.uasset" 14
"E:/ue4/biglulu/Content/Sound/hello_cue.uasset" 15
"E:/ue4/biglulu/Content/Sound/jiaoyi.uasset" 16
"E:/ue4/biglulu/Content/Sound/jiaoyi_cue.uasset" 17
"E:/ue4/biglulu/Content/Sound/Jump.uasset" 18
"E:/ue4/biglulu/Content/Sound/Jump_cue.uasset" 19
"E:/ue4/biglulu/Content/Sound/lu.uasset" 20
"E:/ue4/biglulu/Content/Sound/lu_cue.uasset" 21
"E:/ue4/biglulu/Content/Sound/qingwa.uasset" 22
"E:/ue4/biglulu/Content/Sound/qingwa_cue.uasset" 23
"E:/ue4/biglulu/Content/Sound/shui.uasset" 24
"E:/ue4/biglulu/Content/Sound/shui_cue.uasset" 25
"E:/ue4/biglulu/Content/Sound/tiao2.uasset" 26
"E:/ue4/biglulu/Content/Sound/tiao2_cue.uasset" 27
"E:/ue4/biglulu/Content/Sound/xiong.uasset" 28
"E:/ue4/biglulu/Content/Sound/xiong_cue.uasset" 29
"../../../Engine/Content/EngineMaterials/T_Default_Material_Grid_N.uasset" 30
"../../../Engine/Content/EngineMaterials/T_Default_Material_Grid_M.uasset" 31
"../../../Engine/Content/Functions/Engine_MaterialFunctions01/Opacity/CameraDepthFade.uasset" 32
"../../../Engine/Content/EngineMaterials/WorldGridMaterial.uasset" 33
"../../../Engine/Content/ArtTools/RenderToTexture/Meshes/S_1_Unit_Plane.uasset" 34
"../../../Engine/Content/EngineMaterials/DefaultMaterial.uasset" 35
"../../../Engine/Content/BasicShapes/Cone.uasset" 36
"../../../Engine/Content/BasicShapes/Cube.uasset" 37
"../../../Engine/Content/BasicShapes/Plane.uasset" 38
"../../../Engine/Content/BasicShapes/Sphere.uasset" 39
"../../../Engine/Content/EditorLandscapeResources/DataLayer.uasset" 40
"../../../Engine/Content/EditorLandscapeResources/DefaultAlphaTexture.uasset" 41
"../../../Engine/Content/EditorMaterials/MAT_Groups_Toggle.uasset" 42
"../../../Engine/Content/EditorMaterials/MAT_Groups_Visibility.uasset" 43
"../../../Engine/Content/EditorMaterials/PreviewShadowIndicator.uasset" 44
"../../../Engine/Content/EditorMaterials/PreviewShadowIndicatorMaterial.uasset" 45
"../../../Engine/Content/EditorMaterials/MatineeGroups/MAT_ColorTrack.uasset" 46
"../../../Engine/Content/EditorMaterials/MatineeGroups/MAT_Groups_Anim.uasset" 47
"../../../Engine/Content/EditorMaterials/MatineeGroups/MAT_Groups_AudioMaster.uasset" 48
"../../../Engine/Content/EditorMaterials/MatineeGroups/MAT_Groups_Director.uasset" 49
"../../../Engine/Content/EditorMaterials/MatineeGroups/MAT_Groups_Event.uasset" 50
"../../../Engine/Content/EditorMaterials/MatineeGroups/MAT_Groups_Fade.uasset" 51
"../../../Engine/Content/EditorMaterials/MatineeGroups/MAT_Groups_Float.uasset" 52
"../../../Engine/Content/EditorMaterials/MatineeGroups/MAT_Groups_Move.uasset" 53
"../../../Engine/Content/EditorMaterials/MatineeGroups/MAT_Groups_Slomo.uasset" 54
"../../../Engine/Content/EditorMaterials/MatineeGroups/MAT_Groups_Sound.uasset" 55
"../../../Engine/Content/EditorMaterials/MatineeGroups/MAT_Groups_Vector.uasset" 56
"../../../Engine/Content/EditorMaterials/ParticleSystems/PSysThumbnail_NoImage.uasset" 57
"../../../Engine/Content/EditorMaterials/ParticleSystems/PSysThumbnail_OOD.uasset" 58
"../../../Engine/Content/EditorMaterials/Camera/CineMat.uasset" 59
"../../../Engine/Content/EditorMaterials/Camera/MI_CineMat_Rig.uasset" 60
"../../../Engine/Content/EditorMeshes/Camera/SM_CraneRig_Arm.uasset" 61
"../../../Engine/Content/EditorMeshes/Camera/SM_CraneRig_Base.uasset" 62
"../../../Engine/Content/EditorMeshes/Camera/SM_CraneRig_Body.uasset" 63
"../../../Engine/Content/EditorMeshes/Camera/SM_CraneRig_Mount.uasset" 64
"../../../Engine/Content/EditorMeshes/Camera/SM_RailRig_Mount.uasset" 65
"../../../Engine/Content/EditorMeshes/Camera/SM_RailRig_Track.uasset" 66
"../../../Engine/Content/EditorResources/BSPVertex.uasset" 67
"../../../Engine/Content/EditorResources/EmptyActor.uasset" 68
"../../../Engine/Content/EditorResources/S_Actor.uasset" 69
"../../../Engine/Content/EditorResources/S_Note.uasset" 70
"../../../Engine/Content/EditorResources/S_Solver.uasset" 71
"../../../Engine/Content/EditorResources/S_Terrain.uasset" 72
"../../../Engine/Content/EditorResources/S_Trigger.uasset" 73
"../../../Engine/Content/EditorResources/AudioIcons/S_AudioComponent_AutoActivate.uasset" 74
"../../../Engine/Content/EditorResources/LightIcons/S_LightError.uasset" 75
"../../../Engine/Content/EditorResources/SequenceRecorder/Countdown.uasset" 76
"../../../Engine/Content/EditorResources/SequenceRecorder/RecordingIndicator.uasset" 77
"../../../Engine/Content/EngineDamageTypes/DmgTypeBP_Environmental.uasset" 78
"../../../Engine/Content/EngineDebugMaterials/DebugEditorMaterial.uasset" 79
"../../../Engine/Content/EngineDebugMaterials/DebugMeshMaterial.uasset" 80
"../../../Engine/Content/EngineDebugMaterials/M_SimpleUnlitTranslucent.uasset" 81
"../../../Engine/Content/EngineDebugMaterials/VolumeToRender.uasset" 82
"../../../Engine/Content/Functions/Engine_MaterialFunctions02/Utility/CameraDirectionVector.uasset" 83
"../../../Engine/Content/EngineDebugMaterials/M_VolumeRenderSphereTracePP.uasset" 84
"../../../Engine/Content/Functions/Engine_MaterialFunctions01/Shading/ConvertFromDiffSpec.uasset" 85
"../../../Engine/Content/EngineDebugMaterials/VertexColorMaterial.uasset" 86
"../../../Engine/Content/EngineDebugMaterials/WireframeMaterial.uasset" 87
"../../../Engine/Content/EngineFonts/Faces/RobotoRegular.uasset" 88
"../../../Engine/Content/EngineFonts/Faces/RobotoLight.uasset" 89
"../../../Engine/Content/EngineFonts/Faces/RobotoItalic.uasset" 90
"../../../Engine/Content/EngineFonts/Faces/RobotoBoldItalic.uasset" 91
"../../../Engine/Content/EngineFonts/Faces/RobotoBold.uasset" 92
"../../../Engine/Content/EngineFonts/Faces/DroidSansFallback.uasset" 93
"../../../Engine/Content/EngineFonts/Roboto.uasset" 94
"../../../Engine/Content/EngineMaterials/BaseFlattenNormalMap.uasset" 95
"../../../Engine/Content/EngineMaterials/BaseFlattenGrayscaleMap.uasset" 96
"../../../Engine/Content/EngineMaterials/BaseFlattenEmissiveMap.uasset" 97
"../../../Engine/Content/EngineMaterials/BaseFlattenDiffuseMap.uasset" 98
"../../../Engine/Content/EngineMaterials/BaseFlattenMaterial.uasset" 99
"../../../Engine/Content/EngineMaterials/BlueNoise.uasset" 100
"../../../Engine/Content/EngineMaterials/DefaultBloomKernel.uasset" 101
"../../../Engine/Content/EngineMaterials/DefaultBokeh.uasset" 102
"../../../Engine/Content/EngineMaterials/DefaultDiffuse.uasset" 103
"../../../Engine/Content/EngineMaterials/DefaultDeferredDecalMaterial.uasset" 104
"../../../Engine/Content/EngineMaterials/DefaultLightFunctionMaterial.uasset" 105
"../../../Engine/Content/EngineMaterials/DefaultPhysicalMaterial.uasset" 106
"../../../Engine/Content/Functions/Engine_MaterialFunctions02/Utility/BreakOutFloat2Components.uasset" 107
"../../../Engine/Content/EngineMaterials/DefaultPostProcessMaterial.uasset" 108
"../../../Engine/Content/EngineFonts/RobotoDistanceField.uasset" 109
"../../../Engine/Content/EngineMaterials/DefaultTextMaterialOpaque.uasset" 110
"../../../Engine/Content/EngineMaterials/DefaultWhiteGrid.uasset" 111
"../../../Engine/Content/EngineMaterials/DefaultWhiteGrid_Low.uasset" 112
"../../../Engine/Content/EngineMaterials/EmissiveMeshMaterial.uasset" 113
"../../../Engine/Content/EngineMaterials/GizmoMaterial.uasset" 114
"../../../Engine/Content/EngineMaterials/Good64x64TilingNoiseHighFreq.uasset" 115
"../../../Engine/Content/EngineMaterials/MiniFont.uasset" 116
"../../../Engine/Content/EngineMaterials/InvalidLightmapSettings.uasset" 117
"../../../Engine/Content/EngineMaterials/M_InvalidLightmapSettings.uasset" 118
"../../../Engine/Content/Functions/Engine_MaterialFunctions02/WorldPositionOffset/CameraOffset.uasset" 119
"../../../Engine/Content/EngineMaterials/PhAT_JointLimitMaterial.uasset" 120
"../../../Engine/Content/EngineMaterials/PreintegratedSkinBRDF.uasset" 121
"../../../Engine/Content/EngineMaterials/RemoveSurfaceMaterial.uasset" 122
"../../../Engine/Content/EngineMaterials/WeightMapPlaceholderTexture.uasset" 123
"../../../Engine/Content/EngineResources/WhiteSquareTexture.uasset" 124
"../../../Engine/Content/EngineMaterials/Widget3DPassThrough.uasset" 125
"../../../Engine/Content/EngineMaterials/Widget3DPassThrough_Masked.uasset" 126
"../../../Engine/Content/EngineMaterials/Widget3DPassThrough_Opaque.uasset" 127
"../../../Engine/Content/EngineMaterials/Widget3DPassThrough_Masked_OneSided.uasset" 128
"../../../Engine/Content/EngineMaterials/Widget3DPassThrough_Opaque_OneSided.uasset" 129
"../../../Engine/Content/EngineMaterials/Widget3DPassThrough_Translucent.uasset" 130
"../../../Engine/Content/EngineMaterials/Widget3DPassThrough_Translucent_OneSided.uasset" 131
"../../../Engine/Content/EngineMeshes/Cylinder.uasset" 132
"../../../Engine/Content/EngineMeshes/Sphere.uasset" 133
"../../../Engine/Content/EngineResources/Black.uasset" 134
"../../../Engine/Content/EngineResources/DefaultTextureCube.uasset" 135
"../../../Engine/Content/EngineResources/DefaultVolumeTexture2D.uasset" 136
"../../../Engine/Content/EngineResources/DefaultVolumeTexture.uasset" 137
"../../../Engine/Content/EngineResources/GradientTexture0.uasset" 138
"../../../Engine/Content/EngineSky/VolumetricClouds/T_NoiseShape64.uasset" 139
"../../../Engine/Content/EngineSky/VolumetricClouds/T_VolumeNoiseShape64.uasset" 140
"../../../Engine/Content/EngineSky/VolumetricClouds/T_NoiseErosion.uasset" 141
"../../../Engine/Content/EngineSky/VolumetricClouds/T_VolumeNoiseErosion32.uasset" 142
"../../../Engine/Content/EngineSky/VolumetricClouds/CloudWeatherTexture.uasset" 143
"../../../Engine/Content/EngineSky/VolumetricClouds/CloudGradientTexture.uasset" 144
"../../../Engine/Content/Functions/Engine_MaterialFunctions02/Utility/MakeFloat2.uasset" 145
"../../../Engine/Content/EngineSky/VolumetricClouds/m_SimpleVolumetricCloud.uasset" 146
"../../../Engine/Content/EngineSky/VolumetricClouds/m_SimpleVolumetricCloud_Inst.uasset" 147
"../../../Engine/Content/EngineSounds/Master.uasset" 148
"../../../Engine/Content/Functions/Engine_MaterialFunctions01/Shading/PowerToRoughness.uasset" 149
"../../../Engine/Content/Maps/Templates/Thumbnails/Default.uasset" 150
"../../../Engine/Content/Maps/Templates/Thumbnails/TimeOfDay.uasset" 151
"../../../Engine/Content/Maps/Templates/Thumbnails/VR-Basic.uasset" 152
"../../../Engine/Content/MobileResources/T_MobileControls_texture.uasset" 153
"../../../Engine/Content/MobileResources/T_MobileMenu2.uasset" 154
"../../../Engine/Content/MobileResources/HUD/AnalogHat.uasset" 155
"../../../Engine/Content/MobileResources/HUD/VirtualJoystick_Thumb.uasset" 156
"../../../Engine/Content/MobileResources/HUD/VirtualJoystick_Background.uasset" 157
"../../../Engine/Content/MobileResources/HUD/DefaultVirtualJoysticks.uasset" 158
"../../../Engine/Content/MobileResources/HUD/LeftVirtualJoystickOnly.uasset" 159
"../../../Engine/Content/MobileResources/HUD/MobileHUDButton1_off.uasset" 160
"../../../Engine/Content/MobileResources/HUD/MobileHUDButton1_on.uasset" 161
"../../../Engine/Content/MobileResources/HUD/MobileHUDButton2_off.uasset" 162
"../../../Engine/Content/MobileResources/HUD/MobileHUDButton2_on.uasset" 163
"../../../Engine/Content/MobileResources/HUD/MobileHUDButton3.uasset" 164
"../../../Engine/Content/MobileResources/HUD/MobileHUDButtonFire.uasset" 165
"../../../Engine/Content/MobileResources/HUD/MobileHUDDirectionPad.uasset" 166
"../../../Engine/Content/MobileResources/HUD/MobileHUDDirectionPad2.uasset" 167
"../../../Engine/Content/MobileResources/HUD/MobileHUDDirectionPad3.uasset" 168
"../../../Engine/Content/MobileResources/HUD/MobileHUDDirectionStick.uasset" 169
"../../../Engine/Content/MobileResources/HUD/T_Castle_ThumbstickInner.uasset" 170
"../../../Engine/Content/MobileResources/HUD/T_Castle_ThumbstickOutter.uasset" 171
"../../../Engine/Content/Tutorial/ContentIntroCurve.uasset" 172
"../../../Engine/Content/Tutorial/Basics/LevelEditorAttract.uasset" 173
"../../../Engine/Content/Tutorial/Basics/TutorialAssets/icon_tab_Levels_40x.uasset" 174
"../../../Engine/Content/Tutorial/Basics/LevelEditorOverview.uasset" 175
"../../../Engine/Content/Tutorial/BlueprintTutorials/TutorialAssets/Blueprint_64x.uasset" 176
"../../../Engine/Content/Tutorial/BlueprintTutorials/BlueprintEditorTutorial.uasset" 177
"../../../Engine/Content/Tutorial/Code/AddingCode.uasset" 178
"../../../Engine/Content/VREditor/TransformGizmo/TranslucentTransformGizmoMaterial.uasset" 179
"../../../Engine/Content/VREditor/LaserPointer/VR_LaserPower_01.uasset" 180
"../../../Engine/Content/VREditor/TransformGizmo/TransformGizmoMaterial.uasset" 181
"../../../Engine/Content/VREditor/TransformGizmo/BoundingBoxCorner.uasset" 182
"../../../Engine/Content/VREditor/TransformGizmo/BoundingBoxEdge.uasset" 183
"../../../Engine/Content/VREditor/TransformGizmo/PlaneTranslationHandle.uasset" 184
"../../../Engine/Content/VREditor/TransformGizmo/Xray.uasset" 185
"../../../Engine/Content/VREditor/TransformGizmo/Main.uasset" 186
"../../../Engine/Content/VREditor/TransformGizmo/SM_Sequencer_Key.uasset" 187
"../../../Engine/Content/VREditor/TransformGizmo/SM_Sequencer_Node.uasset" 188
"../../Plugins/2D/Paper2D/Content/PlaceholderTextures/DummySpriteTexture.uasset" 189
"../../Plugins/2D/Paper2D/Content/DummySprite.uasset" 190
"../../Plugins/2D/Paper2D/Content/DefaultPaperTerrainMaterial.uasset" 191
"../../Plugins/2D/Paper2D/Content/DefaultSpriteMaterial.uasset" 192
"../../Plugins/2D/Paper2D/Content/MaskedUnlitSpriteMaterial.uasset" 193
"../../Plugins/2D/Paper2D/Content/OpaqueUnlitSpriteMaterial.uasset" 194
"../../../Engine/Content/Functions/Engine_MaterialFunctions02/Utility/BreakOutFloat3Components.uasset" 195
"../../Plugins/Editor/SpeedTreeImporter/Content/SpeedTree9/UnpackInteger3.uasset" 196
"../../Plugins/Editor/SpeedTreeImporter/Content/SpeedTree9/UnpackDirection.uasset" 197
"../../Plugins/Editor/SpeedTreeImporter/Content/SpeedTree9/game_wind_noise.uasset" 198
"../../../Engine/Content/Functions/Engine_MaterialFunctions02/SafeNormalize.uasset" 199
"../../Plugins/Editor/SpeedTreeImporter/Content/SpeedTree9/SpeedTreeWindMotion.uasset" 200
"../../Plugins/Editor/SpeedTreeImporter/Content/SpeedTree9/SpeedTreeBranchMotion.uasset" 201
"../../../Engine/Content/Functions/Engine_MaterialFunctions02/ObjectLocalBounds.uasset" 202
"../../../Engine/Content/Functions/Engine_MaterialFunctions02/UVs/BoundingBoxBased_0-1_UVW.uasset" 203
"../../Plugins/Editor/SpeedTreeImporter/Content/SpeedTree9/SpeedTreeWind.uasset" 204
"../../Plugins/Editor/SpeedTreeImporter/Content/SpeedTree9/SpeedTreeBillboard.uasset" 205
"../../../Engine/Content/EngineResources/DefaultTexture.uasset" 206
"../../Plugins/Editor/SpeedTreeImporter/Content/SpeedTree9/SpeedTreeBillboardMaster.uasset" 207
"../../Plugins/Editor/SpeedTreeImporter/Content/SpeedTree9/SpeedTreeCameraFacing.uasset" 208
"../../Plugins/Editor/SpeedTreeImporter/Content/SpeedTree9/SpeedTreeMaster.uasset" 209
"../../../Engine/Content/BasicShapes/Cylinder.uasset" 210
"../../../Engine/Content/ArtTools/RenderToTexture/Materials/Debug/M_Emissive_Color.uasset" 211
"../../Plugins/Lumin/MagicLeapPassableWorld/Content/MagicLeapARPinInfoActor.uasset" 212
"../../../Engine/Content/Functions/Engine_MaterialFunctions02/Utility/BreakOutFloat4Components.uasset" 213
"../../../Engine/Content/Functions/Engine_MaterialFunctions02/Utility/MakeFloat3.uasset" 214
"../../Plugins/Runtime/Oculus/OculusVR/Content/Materials/OculusMR_ChromaKey.uasset" 215
"../../Plugins/Runtime/Oculus/OculusVR/Content/Materials/OculusMR_OpaqueColoredMaterial.uasset" 216
"../../Plugins/Runtime/Oculus/OculusVR/Content/Materials/PokeAHoleMaterial.uasset" 217
"E:/ue4/biglulu/Content/music/music1.uasset" 218
"E:/ue4/biglulu/Content/music/music1_cue.uasset" 219
"E:/ue4/biglulu/Content/Model/formal/stone1.uasset" 220
"E:/ue4/biglulu/Content/Model/formal/palette_018.uasset" 221
"E:/ue4/biglulu/Content/Model/formal/stone.uasset" 222
"E:/ue4/biglulu/Content/Model/formal/soild2.uasset" 223
"E:/ue4/biglulu/Content/Model/formal/puresand1.uasset" 224
"E:/ue4/biglulu/Content/Model/formal/palette_005.uasset" 225
"E:/ue4/biglulu/Content/Model/formal/soild1.uasset" 226
"E:/ue4/biglulu/Content/Model/formal/sand1.uasset" 227
"E:/ue4/biglulu/Content/Model/formal/palette_013.uasset" 228
"E:/ue4/biglulu/Content/Model/formal/sand.uasset" 229
"E:/ue4/biglulu/Content/Model/formal/moonsoild.uasset" 230
"E:/ue4/biglulu/Content/Model/formal/palette.uasset" 231
"E:/ue4/biglulu/Content/Model/formal/moonsoild3.uasset" 232
"E:/ue4/biglulu/Content/Model/formal/grass1.uasset" 233
"E:/ue4/biglulu/Content/Model/formal/palette_002.uasset" 234
"E:/ue4/biglulu/Content/Model/formal/grass.uasset" 235
"E:/ue4/biglulu/Content/Model/formal/FlowerGrass1.uasset" 236
"E:/ue4/biglulu/Content/Model/formal/palette_012.uasset" 237
"E:/ue4/biglulu/Content/Model/formal/FlowerGrass.uasset" 238
"../../../Engine/Content/EngineSky/T_Sky_Stars.uasset" 239
"../../../Engine/Content/EngineSky/T_Sky_Clouds_M.uasset" 240
"../../../Engine/Content/EngineSky/T_Sky_Blue.uasset" 241
"../../../Engine/Content/EngineSky/M_Sky_Panning_Clouds2.uasset" 242
"../../../Engine/Content/EngineSky/SM_SkySphere.uasset" 243
"../../../Engine/Content/EngineSky/C_Sky_Zenith_Color.uasset" 244
"../../../Engine/Content/EngineSky/C_Sky_Horizon_Color.uasset" 245
"../../../Engine/Content/EngineSky/C_Sky_Cloud_Color.uasset" 246
"../../../Engine/Content/EditorBlueprintResources/StandardMacros.uasset" 247
"../../../Engine/Content/EngineSky/BP_Sky_Sphere.uasset" 248
"E:/ue4/biglulu/Content/level/Level1_BuiltData.uasset" 249
"E:/ue4/biglulu/Content/Model/formal/tuz1.uasset" 250
"E:/ue4/biglulu/Content/Model/formal/palette_009.uasset" 251
"E:/ue4/biglulu/Content/Model/formal/tuz.uasset" 252
"E:/ue4/biglulu/Content/BluePrint/Actor/BP_tuan.uasset" 253
"E:/ue4/biglulu/Content/Model/formal/PureSand.uasset" 254
"E:/ue4/biglulu/Content/BluePrint/Actor/BP_SandBlock.uasset" 255
"E:/ue4/biglulu/Content/Model/formal/cloud1.uasset" 256
"E:/ue4/biglulu/Content/Model/formal/palette_017.uasset" 257
"E:/ue4/biglulu/Content/Model/formal/cloud.uasset" 258
"E:/ue4/biglulu/Content/BluePrint/Actor/BP_FloatBlock.uasset" 259
"E:/ue4/biglulu/Content/Model/formal/drumsticks1.uasset" 260
"E:/ue4/biglulu/Content/Model/formal/palette_011.uasset" 261
"E:/ue4/biglulu/Content/Model/formal/drumsticks.uasset" 262
"E:/ue4/biglulu/Content/BluePrint/Actor/BP_Drumsticks.uasset" 263
"E:/ue4/biglulu/Content/BluePrint/BP_DeadLine.uasset" 264
"E:/ue4/biglulu/Content/Model/formal/potal.uasset" 265
"E:/ue4/biglulu/Content/BluePrint/BP_Portal.uasset" 266
"E:/ue4/biglulu/Content/level/Level1.umap" 267
"E:/ue4/biglulu/Content/music/music2.uasset" 268
"E:/ue4/biglulu/Content/music/music2_cue.uasset" 269
"E:/ue4/biglulu/Content/level/Level2_BuiltData.uasset" 270
"E:/ue4/biglulu/Content/Model/formal/moonstone1.uasset" 271
"E:/ue4/biglulu/Content/Model/formal/palette_003.uasset" 272
"E:/ue4/biglulu/Content/Model/formal/moonstone.uasset" 273
"E:/ue4/biglulu/Content/Model/formal/moonsoild2.uasset" 274
"E:/ue4/biglulu/Content/Model/formal/NormalWater.uasset" 275
"E:/ue4/biglulu/Content/Model/formal/palette_007.uasset" 276
"E:/ue4/biglulu/Content/Model/formal/water.uasset" 277
"E:/ue4/biglulu/Content/BluePrint/Actor/BP_Water.uasset" 278
"E:/ue4/biglulu/Content/level/Level2.umap" 279
"E:/ue4/biglulu/Content/music/music4.uasset" 280
"E:/ue4/biglulu/Content/music/music4_cue.uasset" 281
"E:/ue4/biglulu/Content/level/Level3_BuiltData.uasset" 282
"E:/ue4/biglulu/Content/BluePrint/Actor/BP_ShopFrog.uasset" 283
"E:/ue4/biglulu/Content/level/Level3.umap" 284
"E:/ue4/biglulu/Content/level/Level4_BuiltData.uasset" 285
"E:/ue4/biglulu/Content/music/music3.uasset" 286
"E:/ue4/biglulu/Content/music/music3_cue.uasset" 287
"E:/ue4/biglulu/Content/Model/formal/CactusFlower1.uasset" 288
"E:/ue4/biglulu/Content/Model/formal/palette_016.uasset" 289
"E:/ue4/biglulu/Content/Model/formal/CactusFlower.uasset" 290
"E:/ue4/biglulu/Content/Model/formal/CactusBall1.uasset" 291
"E:/ue4/biglulu/Content/Model/formal/palette_015.uasset" 292
"E:/ue4/biglulu/Content/Model/formal/CactusBall.uasset" 293
"E:/ue4/biglulu/Content/Model/formal/cactus1.uasset" 294
"E:/ue4/biglulu/Content/Model/formal/palette_014.uasset" 295
"E:/ue4/biglulu/Content/Model/formal/cactus.uasset" 296
"E:/ue4/biglulu/Content/BluePrint/Actor/BP_ShopBear.uasset" 297
"E:/ue4/biglulu/Content/Model/formal/WoodBox.uasset" 298
"E:/ue4/biglulu/Content/BluePrint/Actor/BP_Mover.uasset" 299
"E:/ue4/biglulu/Content/level/Level4.umap" 300
"E:/ue4/biglulu/Content/music/music5.uasset" 301
"E:/ue4/biglulu/Content/music/music5_cue.uasset" 302
"E:/ue4/biglulu/Content/level/Level5_BuiltData.uasset" 303
"E:/ue4/biglulu/Content/Model/formal/road.uasset" 304
"E:/ue4/biglulu/Content/Model/formal/palette_004.uasset" 305
"E:/ue4/biglulu/Content/Model/formal/road1.uasset" 306
"E:/ue4/biglulu/Content/Model/formal/moonsoild1.uasset" 307
"E:/ue4/biglulu/Content/level/Level5.umap" 308
"../../../Engine/Content/MapTemplates/SM_Template_Map_Floor.uasset" 309
"E:/ue4/biglulu/Content/level/StartMenu_BuiltData.uasset" 310
"E:/ue4/biglulu/Content/Font/12.uasset" 311
"E:/ue4/biglulu/Content/Font/12_Font.uasset" 312
"E:/ue4/biglulu/Content/BluePrint/StartUI.uasset" 313
"E:/ue4/biglulu/Content/level/StartMenu.umap" 314
"../../../Engine/Content/Maps/Entry_BuiltData.uasset" 315
"../../../Engine/Content/Maps/Entry.umap" 316
